[Licensing::Module] Trying to connect to existing licensing client channel...
Built from '6000.4/staging' branch; Version is '6000.4.6f1 (0b051c2e5d54) revision 722204'; Using compiler version '194234433'; Build Type 'Release'
[Licensing::IpcConnector] Successfully connected to: "LicenseClient-decoa" at "2026-06-01T13:22:58.8814864Z"
OS: 'Windows 11  (10.0.26100) Core' Language: 'en' Physical Memory: 15791 MB
BatchMode: 1, IsHumanControllingUs: 0, StartBugReporterOnCrash: 0, Is64bit: 1
System  architecture: x64
Process architecture: x64
Date: 2026-06-01T13:22:58Z

COMMAND LINE ARGUMENTS:
D:\unity\6000.4.6f1\Editor\Unity.exe
-adb2
-batchMode
-noUpm
-name
AssetImportWorker3
-projectPath
D:/tugas kuliah/sem 2/oop/ta
-logFile
Logs/AssetImportWorker3.log
-srvPort
53410
-licensingIpc
LicenseClient-decoa
-force-d3d12
-job-worker-count
7
-background-job-worker-count
8
-gc-helper-count
1
-name
AssetImport
Successfully changed project path to: D:/tugas kuliah/sem 2/oop/ta
D:/tugas kuliah/sem 2/oop/ta
[UnityMemory] Configuration Parameters - Can be set up in boot.config
    "memorysetup-temp-allocator-size-gi-baking-worker=262144"
    "memorysetup-temp-allocator-size-gi-baking-worker=262144"
    "memorysetup-temp-allocator-size-gi-baking-worker=262144"
    "memorysetup-temp-allocator-size-gi-baking-worker=262144"
    "memorysetup-temp-allocator-size-gi-baking-worker=262144"
    "memorysetup-temp-allocator-size-nav-mesh-worker=65536"
    "memorysetup-temp-allocator-size-audio-worker=65536"
    "memorysetup-temp-allocator-size-cloud-worker=32768"
    "memorysetup-temp-allocator-size-gfx=262144"
    "memorysetup-temp-allocator-size-preload-manager=33554432"
    "memorysetup-temp-allocator-size-job-worker=262144"
    "memorysetup-temp-allocator-size-background-worker=32768"
    "memorysetup-allocator-temp-initial-block-size-main=262144"
    "memorysetup-allocator-temp-initial-block-size-worker=262144"
    "memorysetup-bucket-allocator-granularity=16"
    "memorysetup-bucket-allocator-bucket-count=8"
    "memorysetup-bucket-allocator-block-size=33554432"
    "memorysetup-bucket-allocator-block-count=8"
    "memorysetup-main-allocator-block-size=16777216"
    "memorysetup-thread-allocator-block-size=16777216"
    "memorysetup-gfx-main-allocator-block-size=16777216"
    "memorysetup-gfx-thread-allocator-block-size=16777216"
    "memorysetup-cache-allocator-block-size=4194304"
    "memorysetup-typetree-allocator-block-size=2097152"
    "memorysetup-profiler-bucket-allocator-granularity=16"
    "memorysetup-profiler-bucket-allocator-bucket-count=8"
    "memorysetup-profiler-bucket-allocator-block-size=33554432"
    "memorysetup-profiler-bucket-allocator-block-count=8"
    "memorysetup-profiler-allocator-block-size=16777216"
    "memorysetup-profiler-editor-allocator-block-size=1048576"
    "memorysetup-temp-allocator-size-main=16777216"
    "memorysetup-job-temp-allocator-block-size=2097152"
    "memorysetup-job-temp-allocator-block-size-background=1048576"
    "memorysetup-job-temp-allocator-reduction-small-platforms=262144"
Player connection [6960]  Target information:

Player connection [6960]  * "[IP] 192.168.56.1 [Port] 0 [Flags] 2 [Guid] 3540271337 [EditorId] 3540271337 [Version] 1048832 [Id] WindowsEditor(7,Deco_Prasetya) [Debug] 1 [PackageName] WindowsEditor [ProjectName] Editor" 

Player connection [6960]  * "[IP] 192.168.1.4 [Port] 0 [Flags] 2 [Guid] 3540271337 [EditorId] 3540271337 [Version] 1048832 [Id] WindowsEditor(7,Deco_Prasetya) [Debug] 1 [PackageName] WindowsEditor [ProjectName] Editor" 

Player connection [6960] Host joined multi-casting on [225.0.0.222:54997]...
Player connection [6960] Host joined alternative multi-casting on [225.0.0.222:34997]...
JobSystem: Creating JobQueue using job-worker-count value 7
Input System module state changed to: Initialized.
[Physics::Module] Initialized fallback backend.
[Physics::Module] Id: 0xdecafbad
Library Redirect Path: Library/
[Physics::Module] Selected backend.
[Physics::Module] Name: PhysX
[Physics::Module] Id: 0xf2b8ea05
[Physics::Module] SDK Version: 4.1.2
[Physics::Module] Integration Version: 1.0.0
[Physics::Module] Threading Mode: Multi-Threaded
Refreshing native plugins compatible for Editor in 19.85 ms, found 5 plugins.
Initialize engine version: 6000.4.6f1 (0b051c2e5d54)
[Subsystems] Discovering subsystems at path D:/unity/6000.4.6f1/Editor/Data/Resources/UnitySubsystems
[Subsystems] Discovering subsystems at path D:/tugas kuliah/sem 2/oop/ta/Assets
Forcing GfxDevice: Direct3D 12
GfxDevice: creating device client; kGfxThreadingModeNonThreaded
d3d12: failed to query info queue interface (0x80004002).
Direct3D:
    Version:         Direct3D 12 [level 12.2]
    Renderer:        NVIDIA GeForce RTX 3060 Laptop GPU (ID=0x2520)
    Vendor:          NVIDIA
    VRAM:            5996 MB
    App VRAM Budget: 5228 MB
    Driver:          32.0.15.6607
Initialize mono
Mono path[0] = 'D:/unity/6000.4.6f1/Editor/Data/Managed'
Mono path[1] = 'D:/unity/6000.4.6f1/Editor/Data/MonoBleedingEdge/lib/mono/unityjit-win32'
Mono config path = 'D:/unity/6000.4.6f1/Editor/Data/MonoBleedingEdge/etc'
Using monoOptions --debugger-agent=transport=dt_socket,embedding=1,server=y,suspend=n,address=127.0.0.1:56900
CodeReloadManager initialized
Begin MonoManager ReloadAssembly
Registering precompiled unity dll's ...
Register platform support module: D:/unity/6000.4.6f1/Editor/Data/PlaybackEngines/WebGLSupport/UnityEditor.WebGL.Extensions.dll
Register platform support module: D:/unity/6000.4.6f1/Editor/Data/PlaybackEngines/WindowsStandaloneSupport/UnityEditor.WindowsStandalone.Extensions.dll
Registered in 0.004703 seconds.
Native extension for WindowsStandalone target not found
Native extension for WebGL target not found
Package Manager log level set to [2]
[Package Manager] Failed to launch server process. Reason: Unity was launched with the -noUpm command-line argument
[Package Manager] Unable to send message (not connected to server process).
[Package Manager] Cannot connect to Unity Package Manager local server
ScheduleIndexationOnStartup MainProcess:False IndexOnStartup:True
Mono: successfully reloaded assembly
- Finished resetting the current domain, in  1.026 seconds
Domain Reload Profiling: 2530ms
	BeginReloadAssembly (468ms)
	RebuildCommonClasses (106ms)
	RebuildNativeTypeToScriptingClass (41ms)
	initialDomainReloadingComplete (247ms)
	LoadAllAssembliesAndSetupDomain (639ms)
		LoadAssemblies (469ms)
		AnalyzeDomain (608ms)
			TypeCache.Refresh (605ms)
				TypeCache.ScanAssembly (567ms)
	FinalizeReload (1029ms)
		SetupLoadedEditorAssemblies (0ms)
			InitializePlatformSupportModulesInManaged (131ms)
			BeforeProcessingInitializeOnLoad (215ms)
			ProcessInitializeOnLoadAttributes (255ms)
			ProcessInitializeOnLoadMethodAttributes (204ms)
========================================================================
Worker process is ready to serve import requests
Import Worker Mode flag is 0x00
[Licensing::Client] Error: HandshakeResponse reported an error:
	ResponseCode: 505
	ResponseStatus: Unsupported protocol version '1.18.1'.
[Licensing::Module] Error: Failed to handshake to channel: "LicenseClient-decoa"
[Licensing::IpcConnector] LicenseClient-decoa channel disconnected successfully.
[Licensing::IpcConnector] Successfully connected to: "LicenseClient-decoa-6000.4.6" at "2026-06-01T13:23:03.9273353Z"
[Licensing::Client] Code 10 while verifying Licensing Client signature (process Id: 31616, path: "D:/unity/6000.4.6f1/Editor/Data/Resources/Licensing/Client/Unity.Licensing.Client.exe")
[Licensing::Module] LicensingClient has failed validation; ignoring
[Licensing::Client] Handshaking with LicensingClient:
  Version:                 1.18.1+9fbee8e
  Session Id:              924ae7815e904178b7610c69b7bb242c
  Correlation Id:          3ac4945fe1524853a4cc52018e422e00
  External correlation Id: 3246501608173702819
  Machine Id:              XbfEQT9kW0bEvgpOxEPc7Mr2HTc=
[Licensing::Module] Successfully connected to LicensingClient on channel: "LicenseClient-decoa-6000.4.6" (connect: 0.00s, validation: 0.00s, handshake: 0.03s)
[Licensing::IpcConnector] Successfully connected to: "LicenseClient-decoa-6000.4.6-notifications" at "2026-06-01T13:23:03.9574739Z"
[Licensing::Module] Licensing Background thread has ended after 5.08s
Begin MonoManager ReloadAssembly
[Licensing::Client] Successfully resolved entitlement details
[Licensing::Module] License group:
  Id: 18966931140708-UnityPersXXXX
  Product: Unity Personal
  Type: Assigned
  Expiration: Unlimited
Assembly Assembly-CSharp-Editor-firstpass.dll at Library/ScriptAssemblies/Assembly-CSharp-Editor-firstpass.dll not valid. Loading of assembly skipped.
Assembly Assembly-CSharp-Editor.dll at Library/ScriptAssemblies/Assembly-CSharp-Editor.dll not valid. Loading of assembly skipped.
Assembly Assembly-CSharp-firstpass.dll at Library/ScriptAssemblies/Assembly-CSharp-firstpass.dll not valid. Loading of assembly skipped.
Assembly DocCodeExamples.dll at Library/ScriptAssemblies/DocCodeExamples.dll not valid. Loading of assembly skipped.
Assembly TestNewCustomAssembly.dll at Library/ScriptAssemblies/TestNewCustomAssembly.dll not valid. Loading of assembly skipped.
Assembly Unity.2D.Animation.EditorTests.dll at Library/ScriptAssemblies/Unity.2D.Animation.EditorTests.dll not valid. Loading of assembly skipped.
Assembly Unity.2D.Aseprite.EditorTests.dll at Library/ScriptAssemblies/Unity.2D.Aseprite.EditorTests.dll not valid. Loading of assembly skipped.
Assembly Unity.2D.Common.EditorTests.dll at Library/ScriptAssemblies/Unity.2D.Common.EditorTests.dll not valid. Loading of assembly skipped.
Assembly Unity.2D.Psdimporter.EditorTests.dll at Library/ScriptAssemblies/Unity.2D.Psdimporter.EditorTests.dll not valid. Loading of assembly skipped.
Assembly Unity.2D.Sprite.Package.EditorTests.dll at Library/ScriptAssemblies/Unity.2D.Sprite.Package.EditorTests.dll not valid. Loading of assembly skipped.
Assembly Unity.2D.SpriteShape.EditorTests.dll at Library/ScriptAssemblies/Unity.2D.SpriteShape.EditorTests.dll not valid. Loading of assembly skipped.
Assembly Unity.2D.Tilemap.Package.EditorTests.dll at Library/ScriptAssemblies/Unity.2D.Tilemap.Package.EditorTests.dll not valid. Loading of assembly skipped.
Assembly Unity.Collections.BurstCompatibilityGen.dll at Library/ScriptAssemblies/Unity.Collections.BurstCompatibilityGen.dll not valid. Loading of assembly skipped.
Assembly Unity.Collections.DocCodeSamples.dll at Library/ScriptAssemblies/Unity.Collections.DocCodeSamples.dll not valid. Loading of assembly skipped.
Assembly Unity.Collections.PerformanceTests.dll at Library/ScriptAssemblies/Unity.Collections.PerformanceTests.dll not valid. Loading of assembly skipped.
Assembly Unity.Collections.Tests.dll at Library/ScriptAssemblies/Unity.Collections.Tests.dll not valid. Loading of assembly skipped.
Assembly Unity.Collections.Tests.Playmode.dll at Library/ScriptAssemblies/Unity.Collections.Tests.Playmode.dll not valid. Loading of assembly skipped.
Assembly Unity.InputSystem.IntegrationTests.dll at Library/ScriptAssemblies/Unity.InputSystem.IntegrationTests.dll not valid. Loading of assembly skipped.
Assembly Unity.Mathematics.Tests.dll at Library/ScriptAssemblies/Unity.Mathematics.Tests.dll not valid. Loading of assembly skipped.
Assembly Unity.Multiplayer.Center.Editor.Tests.dll at Library/ScriptAssemblies/Unity.Multiplayer.Center.Editor.Tests.dll not valid. Loading of assembly skipped.
Assembly Unity.Multiplayer.Center.Tests.dll at Library/ScriptAssemblies/Unity.Multiplayer.Center.Tests.dll not valid. Loading of assembly skipped.
Assembly Unity.Nuget.Mono-Cecil.dll at Library/ScriptAssemblies/Unity.Nuget.Mono-Cecil.dll not valid. Loading of assembly skipped.
Assembly Unity.PathTracing.Editor.Tests.dll at Library/ScriptAssemblies/Unity.PathTracing.Editor.Tests.dll not valid. Loading of assembly skipped.
Assembly Unity.PathTracing.Runtime.Tests.dll at Library/ScriptAssemblies/Unity.PathTracing.Runtime.Tests.dll not valid. Loading of assembly skipped.
Assembly Unity.RenderPipelines.Core.Editor.Tests.dll at Library/ScriptAssemblies/Unity.RenderPipelines.Core.Editor.Tests.dll not valid. Loading of assembly skipped.
Assembly Unity.RenderPipelines.Core.Runtime.Tests.dll at Library/ScriptAssemblies/Unity.RenderPipelines.Core.Runtime.Tests.dll not valid. Loading of assembly skipped.
Assembly Unity.RenderPipelines.Universal.Config.Editor.Tests.dll at Library/ScriptAssemblies/Unity.RenderPipelines.Universal.Config.Editor.Tests.dll not valid. Loading of assembly skipped.
Assembly Unity.RenderPipelines.Universal.Editor.Tests.dll at Library/ScriptAssemblies/Unity.RenderPipelines.Universal.Editor.Tests.dll not valid. Loading of assembly skipped.
Assembly Unity.RenderPipelines.Universal.Runtime.Tests.dll at Library/ScriptAssemblies/Unity.RenderPipelines.Universal.Runtime.Tests.dll not valid. Loading of assembly skipped.
Assembly Unity.Searcher.EditorTests.dll at Library/ScriptAssemblies/Unity.Searcher.EditorTests.dll not valid. Loading of assembly skipped.
Assembly Unity.ShaderGraph.Editor.Tests.dll at Library/ScriptAssemblies/Unity.ShaderGraph.Editor.Tests.dll not valid. Loading of assembly skipped.
Assembly Unity.TextMeshPro.Editor.Tests.dll at Library/ScriptAssemblies/Unity.TextMeshPro.Editor.Tests.dll not valid. Loading of assembly skipped.
Assembly Unity.TextMeshPro.Tests.dll at Library/ScriptAssemblies/Unity.TextMeshPro.Tests.dll not valid. Loading of assembly skipped.
Assembly Unity.UnifiedRayTracing.Editor.Tests.dll at Library/ScriptAssemblies/Unity.UnifiedRayTracing.Editor.Tests.dll not valid. Loading of assembly skipped.
Assembly UnityEditor.UI.Common.Tests.dll at Library/ScriptAssemblies/UnityEditor.UI.Common.Tests.dll not valid. Loading of assembly skipped.
Assembly UnityEditor.UI.EditorTests.dll at Library/ScriptAssemblies/UnityEditor.UI.EditorTests.dll not valid. Loading of assembly skipped.
Assembly UnityEngine.UI.Tests.dll at Library/ScriptAssemblies/UnityEngine.UI.Tests.dll not valid. Loading of assembly skipped.
Refreshing native plugins compatible for Editor in 11.49 ms, found 5 plugins.
Native extension for WindowsStandalone target not found
Native extension for WebGL target not found
[Package Manager] Failed to launch server process. Reason: Unity was launched with the -noUpm command-line argument
[Package Manager] Unable to send message (not connected to server process).
[Package Manager] Cannot connect to Unity Package Manager local server
Refreshing native plugins compatible for Editor in 5.25 ms, found 5 plugins.
[Package Manager] Failed to launch server process. Reason: Unity was launched with the -noUpm command-line argument
[Package Manager] Unable to send message (not connected to server process).
[Package Manager] Cannot connect to Unity Package Manager local server
ScheduleIndexationOnStartup MainProcess:False IndexOnStartup:True
Mono: successfully reloaded assembly
- Finished resetting the current domain, in  1.817 seconds
Domain Reload Profiling: 3762ms
	BeginReloadAssembly (388ms)
		DisableScriptedObjects (13ms)
		CreateAndSetChildDomain (53ms)
	RebuildCommonClasses (71ms)
	RebuildNativeTypeToScriptingClass (25ms)
	initialDomainReloadingComplete (196ms)
	LoadAllAssembliesAndSetupDomain (1264ms)
		LoadAssemblies (846ms)
		AnalyzeDomain (643ms)
			TypeCache.Refresh (465ms)
				TypeCache.ScanAssembly (431ms)
			BuildScriptInfoCaches (148ms)
			ResolveRequiredComponents (26ms)
	FinalizeReload (1817ms)
		SetupLoadedEditorAssemblies (0ms)
			InitializePlatformSupportModulesInManaged (5ms)
			BeforeProcessingInitializeOnLoad (336ms)
			ProcessInitializeOnLoadAttributes (1016ms)
			ProcessInitializeOnLoadMethodAttributes (162ms)
			AfterProcessingInitializeOnLoad (4ms)
		AwakeInstancesAfterBackupRestoration (8ms)
WARNING: Shader Unsupported: 'Hidden/Universal Render Pipeline/Terrain/Lit (Base Pass)' - All subshaders removed
WARNING: Shader Did you use #pragma only_renderers and omit this platform?
WARNING: Shader If subshaders removal was intentional, you may have forgotten turning Fallback off?
WARNING: Shader Unsupported: 'Universal Render Pipeline/Terrain/Lit' - All subshaders removed
WARNING: Shader Did you use #pragma only_renderers and omit this platform?
WARNING: Shader If subshaders removal was intentional, you may have forgotten turning Fallback off?
Launched and connected shader compiler UnityShaderCompiler.exe after 0.03 seconds
Refreshing native plugins compatible for Editor in 4.24 ms, found 5 plugins.
Unloading 58 Unused Serialized files (Serialized files now loaded: 0)
Unloading 7302 unused Assets / (10.0 MB). Loaded Objects now: 7937.
Memory consumption went from 155.8 MB to 145.8 MB.
Total: 25.038400 ms (FindLiveObjects: 1.556000 ms CreateObjectMapping: 1.375700 ms MarkObjects: 12.992000 ms  DeleteObjects: 9.110900 ms)

========================================================================
Received Import Request.
  Time since last request: 851528.152320 seconds.
  path: Assets/Sprites/Tiny Swords (Free Pack)/Terrain/Resources/Gold/Gold Resource/Gold Resource.aseprite
  importAddress: Guid(6fac4a23a8f48fb4eb29a6f5527da646) Importer(2089858483,b0f066a214c2f5e87bad3c948f4d605d)
Start importing Assets/Sprites/Tiny Swords (Free Pack)/Terrain/Resources/Gold/Gold Resource/Gold Resource.aseprite using Guid(6fac4a23a8f48fb4eb29a6f5527da646) Importer(2089858483,b0f066a214c2f5e87bad3c948f4d605d) (ScriptedImporter) -> (Import Result ID: 'bdaa1837ce8dcdcd565603d8f759f790') in 0.4728336 seconds [static and dynamic dependencies]. Details - ImportResultOutputID=a7be08cd790a0c8593f0e43c486e6855 DependenciesID=01a664b0036fa56de1384caf2a9deaae StaticDependenciesID=3e633b29713c59344e16dbc925ea70cf 
Number of updated asset objects reloaded before import = 0Number of asset objects unloaded after import = 22

========================================================================
Received Import Request.
  Time since last request: 0.000034 seconds.
  path: Assets/Sprites/Tiny Swords (Free Pack)/Terrain/Resources/Gold/Gold Stones/Gold Stone 4_Highlight.png
  importAddress: Guid(75c1c7bad5346734a8e9af830dce4198) Importer(2089858483,b0f066a214c2f5e87bad3c948f4d605d)
Start importing Assets/Sprites/Tiny Swords (Free Pack)/Terrain/Resources/Gold/Gold Stones/Gold Stone 4_Highlight.png using Guid(75c1c7bad5346734a8e9af830dce4198) Importer(2089858483,b0f066a214c2f5e87bad3c948f4d605d) (ScriptedImporter) -> (Import Result ID: 'f4623c15ec17903f8ffa2c3e2b1a075e') in 0.0815274 seconds [static and dynamic dependencies]. Details - ImportResultOutputID=136dec6510e64a8df37dc63b10755c86 DependenciesID=fd6ab8449107c53cc572d7015319387d StaticDependenciesID=61b8802ec183e137247dd10f2768395d 
Number of updated asset objects reloaded before import = 0Number of asset objects unloaded after import = 8

========================================================================
Received Import Request.
  Time since last request: 0.000042 seconds.
  path: Assets/Sprites/Tiny Swords (Free Pack)/Units/Blue Units/Lancer/Lancer_UpRight_Attack.png
  importAddress: Guid(c00a573bdb474ed4eab8a60c09e82b2f) Importer(2089858483,b0f066a214c2f5e87bad3c948f4d605d)
Start importing Assets/Sprites/Tiny Swords (Free Pack)/Units/Blue Units/Lancer/Lancer_UpRight_Attack.png using Guid(c00a573bdb474ed4eab8a60c09e82b2f) Importer(2089858483,b0f066a214c2f5e87bad3c948f4d605d) (ScriptedImporter) -> (Import Result ID: '5186e12757e70aa7bde0580d66bb33b4') in 0.0323131 seconds [static and dynamic dependencies]. Details - ImportResultOutputID=5cef4dc6209870697af4b6be9d4fdcc7 DependenciesID=222909692bf6baca9c3c35ad3ddf6252 StaticDependenciesID=1e83ed2f2e817e0dfde2efe1651ee82a 
Number of updated asset objects reloaded before import = 0Number of asset objects unloaded after import = 5

========================================================================
Received Import Request.
  Time since last request: 0.000035 seconds.
  path: Assets/Sprites/Tiny Swords (Free Pack)/Units/Black Units/Lancer/Lancer_Run.png
  importAddress: Guid(c2e7a118d1a61064683c6069bfe75033) Importer(2089858483,b0f066a214c2f5e87bad3c948f4d605d)
Start importing Assets/Sprites/Tiny Swords (Free Pack)/Units/Black Units/Lancer/Lancer_Run.png using Guid(c2e7a118d1a61064683c6069bfe75033) Importer(2089858483,b0f066a214c2f5e87bad3c948f4d605d) (ScriptedImporter) -> (Import Result ID: '8265849161413e6914f0ec7cea886cac') in 0.0394168 seconds [static and dynamic dependencies]. Details - ImportResultOutputID=a58bf412b8bd9d075144205c355f31f1 DependenciesID=dc40f7383ddce5e13f71a2563562b1a8 StaticDependenciesID=f4cb9b2e12c4ddfd0e461c06f1d40539 
Number of updated asset objects reloaded before import = 0Number of asset objects unloaded after import = 8

========================================================================
Received Import Request.
  Time since last request: 0.000030 seconds.
  path: Assets/Sprites/Tiny Swords (Free Pack)/Units/Yellow Units/Lancer/Lancer_Up_Attack.png
  importAddress: Guid(71d6ad232e3c15c45bb6c87ee20f77da) Importer(2089858483,b0f066a214c2f5e87bad3c948f4d605d)
Start importing Assets/Sprites/Tiny Swords (Free Pack)/Units/Yellow Units/Lancer/Lancer_Up_Attack.png using Guid(71d6ad232e3c15c45bb6c87ee20f77da) Importer(2089858483,b0f066a214c2f5e87bad3c948f4d605d) (ScriptedImporter) -> (Import Result ID: 'cb678d28982dac338b333d31f006333f') in 0.0299576 seconds [static and dynamic dependencies]. Details - ImportResultOutputID=65cd7fbfef852b2408734bb6bfc697d0 DependenciesID=3ae72eb3dfb363e4910ddfacbc02d939 StaticDependenciesID=d9cd632bb8f65a98e857ca018e7de5d5 
Number of updated asset objects reloaded before import = 0Number of asset objects unloaded after import = 5

========================================================================
Received Import Request.
  Time since last request: 0.000030 seconds.
  path: Assets/Sprites/Tiny Swords (Free Pack)/Terrain/Resources/Gold/Gold Stones/Gold Stone 2_Highlight.png
  importAddress: Guid(a174e73673b640649acc7731f86223e1) Importer(2089858483,b0f066a214c2f5e87bad3c948f4d605d)
Start importing Assets/Sprites/Tiny Swords (Free Pack)/Terrain/Resources/Gold/Gold Stones/Gold Stone 2_Highlight.png using Guid(a174e73673b640649acc7731f86223e1) Importer(2089858483,b0f066a214c2f5e87bad3c948f4d605d) (ScriptedImporter) -> (Import Result ID: 'c48c641ccf746b493ac21c490965dc86') in 0.0358724 seconds [static and dynamic dependencies]. Details - ImportResultOutputID=e73f4fed1632e1d012028d76f274067c DependenciesID=da9a03980a06853c1c8320fd1e87a109 StaticDependenciesID=7896becffcf20913a72bc57bb48b18e9 
Number of updated asset objects reloaded before import = 0Number of asset objects unloaded after import = 8

========================================================================
Received Import Request.
  Time since last request: 0.000030 seconds.
  path: Assets/Sprites/Tiny Swords (Free Pack)/UI Elements/UI Elements/Buttons/SmallBlueSquareButton_Pressed.png
  importAddress: Guid(e1bd432db7e85394fb7d99e15977cec8) Importer(2089858483,b0f066a214c2f5e87bad3c948f4d605d)
Start importing Assets/Sprites/Tiny Swords (Free Pack)/UI Elements/UI Elements/Buttons/SmallBlueSquareButton_Pressed.png using Guid(e1bd432db7e85394fb7d99e15977cec8) Importer(2089858483,b0f066a214c2f5e87bad3c948f4d605d) (ScriptedImporter) -> (Import Result ID: 'd1b5815ecc9f4ffac1a5f112fa11e6c0') in 0.0224327 seconds [static and dynamic dependencies]. Details - ImportResultOutputID=81a5873d5b3015e67204883eab27bb63 DependenciesID=5a53e387c38198dedf83566587b066a9 StaticDependenciesID=2ef0c3fa30d5fb1bf82a23720b262b36 
Number of updated asset objects reloaded before import = 0Number of asset objects unloaded after import = 3

========================================================================
Received Import Request.
  Time since last request: 0.000025 seconds.
  path: Assets/Sprites/Tiny Swords (Free Pack)/Buildings/Yellow Buildings/Barracks.png
  importAddress: Guid(ab412039c433ad2488fe3a840fe9023e) Importer(2089858483,b0f066a214c2f5e87bad3c948f4d605d)
Start importing Assets/Sprites/Tiny Swords (Free Pack)/Buildings/Yellow Buildings/Barracks.png using Guid(ab412039c433ad2488fe3a840fe9023e) Importer(2089858483,b0f066a214c2f5e87bad3c948f4d605d) (ScriptedImporter) -> (Import Result ID: 'c4709c35064ea7574b339a93b6317bb7') in 0.0263134 seconds [static and dynamic dependencies]. Details - ImportResultOutputID=a6fe0728d9d75b160beaaadaa9ebeba4 DependenciesID=797b0d3013afe433e4debe6f974c7041 StaticDependenciesID=cd820c10ff42b051041b449bbc1fc44a 
Number of updated asset objects reloaded before import = 0Number of asset objects unloaded after import = 3

========================================================================
Received Import Request.
  Time since last request: 0.000072 seconds.
  path: Assets/Sprites/Tiny Swords (Free Pack)/Units/Red Units/Pawn/Pawn_Idle Knife.png
  importAddress: Guid(37920747b1ee21e4096e87b7bd2feba5) Importer(2089858483,b0f066a214c2f5e87bad3c948f4d605d)
Start importing Assets/Sprites/Tiny Swords (Free Pack)/Units/Red Units/Pawn/Pawn_Idle Knife.png using Guid(37920747b1ee21e4096e87b7bd2feba5) Importer(2089858483,b0f066a214c2f5e87bad3c948f4d605d) (ScriptedImporter) -> (Import Result ID: '54ad8c136211c5998df8317379c7a79b') in 0.0398686 seconds [static and dynamic dependencies]. Details - ImportResultOutputID=feb6dce66e7d4590d459d0db792a6233 DependenciesID=fab52f691b1d8be060d40b0587907297 StaticDependenciesID=f0c1f3e22baebcddea46d1d7a54c7008 
Number of updated asset objects reloaded before import = 0Number of asset objects unloaded after import = 10

========================================================================
Received Import Request.
  Time since last request: 0.000034 seconds.
  path: Assets/Sprites/Tiny Swords (Free Pack)/UI Elements/UI Elements/Human Avatars/Avatars_14.png
  importAddress: Guid(29564324747cb5a4d921d398e23c0241) Importer(2089858483,b0f066a214c2f5e87bad3c948f4d605d)
Start importing Assets/Sprites/Tiny Swords (Free Pack)/UI Elements/UI Elements/Human Avatars/Avatars_14.png using Guid(29564324747cb5a4d921d398e23c0241) Importer(2089858483,b0f066a214c2f5e87bad3c948f4d605d) (ScriptedImporter) -> (Import Result ID: 'ad58d8b10bd04b70c43c56924aff8f2b') in 0.0249537 seconds [static and dynamic dependencies]. Details - ImportResultOutputID=0eb5b349451f60ce52ab4f1b798a2571 DependenciesID=84759405d9640538dfe431d079d50511 StaticDependenciesID=5b4d1d389ea5462fc04107144ebc20d5 
Number of updated asset objects reloaded before import = 0Number of asset objects unloaded after import = 3

========================================================================
Received Import Request.
  Time since last request: 0.000022 seconds.
  path: Assets/Sprites/Animations/RunPlayer.anim
  importAddress: Guid(80149a1911ec06e4ebfdef0e01498419) Importer(2089858483,b0f066a214c2f5e87bad3c948f4d605d)
Start importing Assets/Sprites/Animations/RunPlayer.anim using Guid(80149a1911ec06e4ebfdef0e01498419) Importer(2089858483,b0f066a214c2f5e87bad3c948f4d605d) (ScriptedImporter) -> (Import Result ID: '8c9bd7966e53ee5546a31488c4a459ab') in 0.0229024 seconds [static and dynamic dependencies]. Details - ImportResultOutputID=0ac17086fdce0ec24c24cf0e601bf371 DependenciesID=652c5e3a79a05ec1f6c9826844c988b3 StaticDependenciesID=7aa1f7972c6cdd3d8d49685c503c82cd 
Number of updated asset objects reloaded before import = 0Number of asset objects unloaded after import = 1

========================================================================
Received Import Request.
  Time since last request: 0.000031 seconds.
  path: Assets/Sprites/Tiny Swords (Free Pack)/Terrain/Resources/Wood/Wood Resource/Wood Resource.png
  importAddress: Guid(d1f05b3f5e459364684f7e9c79bda7ad) Importer(2089858483,b0f066a214c2f5e87bad3c948f4d605d)
Start importing Assets/Sprites/Tiny Swords (Free Pack)/Terrain/Resources/Wood/Wood Resource/Wood Resource.png using Guid(d1f05b3f5e459364684f7e9c79bda7ad) Importer(2089858483,b0f066a214c2f5e87bad3c948f4d605d) (ScriptedImporter) -> (Import Result ID: '1e2fcf54640f7c9269b3123feeb5129f') in 0.0299603 seconds [static and dynamic dependencies]. Details - ImportResultOutputID=e0e40b40dc2d10ee74fd52c6096bb87f DependenciesID=bd3bb3617e5b6f6ecf7a32c588cc4820 StaticDependenciesID=0bd509c11f2dbee296e375a88e1be37d 
Number of updated asset objects reloaded before import = 0Number of asset objects unloaded after import = 3

========================================================================
Received Import Request.
  Time since last request: 0.000031 seconds.
  path: Assets/Sprites/Tiny Swords (Free Pack)/Terrain/Resources/Meat/Sheep/Sheep_Move.png
  importAddress: Guid(46604bc998431f34b81167c861acc26f) Importer(2089858483,b0f066a214c2f5e87bad3c948f4d605d)
Start importing Assets/Sprites/Tiny Swords (Free Pack)/Terrain/Resources/Meat/Sheep/Sheep_Move.png using Guid(46604bc998431f34b81167c861acc26f) Importer(2089858483,b0f066a214c2f5e87bad3c948f4d605d) (ScriptedImporter) -> (Import Result ID: 'e2ac9c4c57397c04c722787f629ab8da') in 0.0304231 seconds [static and dynamic dependencies]. Details - ImportResultOutputID=a662662e3f2b257937ed6129fe096ced DependenciesID=209ae5685cbd30c6682deafd09b54195 StaticDependenciesID=db4e15616a95eef3caae8db7e45e6a45 
Number of updated asset objects reloaded before import = 0Number of asset objects unloaded after import = 6

========================================================================
Received Import Request.
  Time since last request: 0.000031 seconds.
  path: Assets/Sprites/Animations/IdlePlayer.anim
  importAddress: Guid(11b972dcb408cbf4483cd72637c8ee58) Importer(2089858483,b0f066a214c2f5e87bad3c948f4d605d)
Start importing Assets/Sprites/Animations/IdlePlayer.anim using Guid(11b972dcb408cbf4483cd72637c8ee58) Importer(2089858483,b0f066a214c2f5e87bad3c948f4d605d) (ScriptedImporter) -> (Import Result ID: '51a10b2a25eecd9cb212053a15f50d93') in 0.0191635 seconds [static and dynamic dependencies]. Details - ImportResultOutputID=339a96ae26bbc3e8f4672741cb93a37f DependenciesID=3bf9f64922fba56f9ef7e04fccfcd08d StaticDependenciesID=bdd5d9498d3530429666c1ee9951a25f 
Number of updated asset objects reloaded before import = 0Number of asset objects unloaded after import = 1

========================================================================
Received Import Request.
  Time since last request: 0.000046 seconds.
  path: Assets/Sprites/Tiny Swords (Free Pack)/Units/Purple Units/Archer/Arrow.png
  importAddress: Guid(4e8565be32e9b1f47844c760cd69386e) Importer(2089858483,b0f066a214c2f5e87bad3c948f4d605d)
Start importing Assets/Sprites/Tiny Swords (Free Pack)/Units/Purple Units/Archer/Arrow.png using Guid(4e8565be32e9b1f47844c760cd69386e) Importer(2089858483,b0f066a214c2f5e87bad3c948f4d605d) (ScriptedImporter) -> (Import Result ID: 'b6fa46507ace05aa830205c4719036ed') in 0.0262558 seconds [static and dynamic dependencies]. Details - ImportResultOutputID=b07c796708ae262d83d946f8868627e4 DependenciesID=5c11c69f738396d68e5ff073475c75fc StaticDependenciesID=82befcea85a05cd77986ed70d440a391 
Number of updated asset objects reloaded before import = 0Number of asset objects unloaded after import = 3

========================================================================
Received Import Request.
  Time since last request: 0.000023 seconds.
  path: Assets/Sprites/Tiny Swords (Free Pack)/Units/Red Units/Warrior/Warrior_Guard.png
  importAddress: Guid(6234f7ce74af3f543aa0c44e9396525f) Importer(2089858483,b0f066a214c2f5e87bad3c948f4d605d)
Start importing Assets/Sprites/Tiny Swords (Free Pack)/Units/Red Units/Warrior/Warrior_Guard.png using Guid(6234f7ce74af3f543aa0c44e9396525f) Importer(2089858483,b0f066a214c2f5e87bad3c948f4d605d) (ScriptedImporter) -> (Import Result ID: '82d23bdd40c5c059b448bc46b3f5d736') in 0.0412614 seconds [static and dynamic dependencies]. Details - ImportResultOutputID=410394c7157d5c19c6305527a33a6974 DependenciesID=b4a2dea209162d5fd399f2f58059310e StaticDependenciesID=dcc070ae66d3626496d53aaf56522ed4 
Number of updated asset objects reloaded before import = 0Number of asset objects unloaded after import = 8

========================================================================
Received Import Request.
  Time since last request: 0.000031 seconds.
  path: Assets/Sprites/Tiny Swords (Free Pack)/Units/Black Units/Warrior/Warrior_Attack2.png
  importAddress: Guid(c13b9f7d5f9061f42944ec2a0f9165f9) Importer(2089858483,b0f066a214c2f5e87bad3c948f4d605d)
Start importing Assets/Sprites/Tiny Swords (Free Pack)/Units/Black Units/Warrior/Warrior_Attack2.png using Guid(c13b9f7d5f9061f42944ec2a0f9165f9) Importer(2089858483,b0f066a214c2f5e87bad3c948f4d605d) (ScriptedImporter) -> (Import Result ID: '36cb3f3f763ccd44f49e0dfe24dbe373') in 0.04187 seconds [static and dynamic dependencies]. Details - ImportResultOutputID=21a83dd34083aa51515c30f43c847a83 DependenciesID=99db25821ed3b72a6c8d18c60b1ba382 StaticDependenciesID=6a7a5598414ec3e019cc05be85777e27 
Number of updated asset objects reloaded before import = 0Number of asset objects unloaded after import = 10

========================================================================
Received Import Request.
  Time since last request: 0.000034 seconds.
  path: Assets/Sprites/Tiny Swords (Free Pack)/Units/Blue Units/Lancer/Lancer_UpRight_Defence.png
  importAddress: Guid(ce8d7b090af908f409d1f99f8c15f611) Importer(2089858483,b0f066a214c2f5e87bad3c948f4d605d)
Start importing Assets/Sprites/Tiny Swords (Free Pack)/Units/Blue Units/Lancer/Lancer_UpRight_Defence.png using Guid(ce8d7b090af908f409d1f99f8c15f611) Importer(2089858483,b0f066a214c2f5e87bad3c948f4d605d) (ScriptedImporter) -> (Import Result ID: '9e8859170fef5e729271a939970f673f') in 0.038426 seconds [static and dynamic dependencies]. Details - ImportResultOutputID=0ed52bf9daae743cd07ff295c631502c DependenciesID=1a1041b0c25cd001a93c4af93b98ff14 StaticDependenciesID=f08d90cce7fe585ac8e28072dd41f1ca 
Number of updated asset objects reloaded before import = 0Number of asset objects unloaded after import = 8

========================================================================
Received Import Request.
  Time since last request: 0.000036 seconds.
  path: Assets/Sprites/Tiny Swords (Free Pack)/Units/Black Units/Lancer/Lancer_Down_Defence.png
  importAddress: Guid(f5e00a0c6ca827a488d826c7dbe999bf) Importer(2089858483,b0f066a214c2f5e87bad3c948f4d605d)
Start importing Assets/Sprites/Tiny Swords (Free Pack)/Units/Black Units/Lancer/Lancer_Down_Defence.png using Guid(f5e00a0c6ca827a488d826c7dbe999bf) Importer(2089858483,b0f066a214c2f5e87bad3c948f4d605d) (ScriptedImporter) -> (Import Result ID: 'a449a99c5e634e52f153e9fed6bad5aa') in 0.0412644 seconds [static and dynamic dependencies]. Details - ImportResultOutputID=87df83701172f27800073c230fe11f15 DependenciesID=b9fc0b3698a25dfd174b10930e92d295 StaticDependenciesID=a0f6c1cffdac8ea34ef41579a82d9ff4 
Number of updated asset objects reloaded before import = 0Number of asset objects unloaded after import = 8

========================================================================
Received Import Request.
  Time since last request: 0.000051 seconds.
  path: Assets/Sprites/Tiny Swords (Free Pack)/Units/Yellow Units/Pawn/Pawn_Interact Hammer.png
  importAddress: Guid(6b563d713464aa04883e51cd7bf6ba5a) Importer(2089858483,b0f066a214c2f5e87bad3c948f4d605d)
Start importing Assets/Sprites/Tiny Swords (Free Pack)/Units/Yellow Units/Pawn/Pawn_Interact Hammer.png using Guid(6b563d713464aa04883e51cd7bf6ba5a) Importer(2089858483,b0f066a214c2f5e87bad3c948f4d605d) (ScriptedImporter) -> (Import Result ID: '0324ea88dbb95171252391881d77c156') in 0.0398697 seconds [static and dynamic dependencies]. Details - ImportResultOutputID=2d7e23e63aca25d76ccf48004462cca6 DependenciesID=a8d5d0ebab9e5dc32538cd4d6e0a2edc StaticDependenciesID=615e032ac8e740dcffc0dfe75649164c 
Number of updated asset objects reloaded before import = 0Number of asset objects unloaded after import = 5

========================================================================
Received Import Request.
  Time since last request: 0.000054 seconds.
  path: Assets/Sprites/Tiny Swords (Free Pack)/Terrain/Resources/Wood/Trees/Stump 2.png
  importAddress: Guid(49723060cb060ea44b42e2380eecbe0c) Importer(2089858483,b0f066a214c2f5e87bad3c948f4d605d)
Start importing Assets/Sprites/Tiny Swords (Free Pack)/Terrain/Resources/Wood/Trees/Stump 2.png using Guid(49723060cb060ea44b42e2380eecbe0c) Importer(2089858483,b0f066a214c2f5e87bad3c948f4d605d) (ScriptedImporter) -> (Import Result ID: 'cd0f074245120123241428949da6ccdf') in 0.0260635 seconds [static and dynamic dependencies]. Details - ImportResultOutputID=aac2e4cc79ea5c15bb99503a162bd66b DependenciesID=68ac53bb7374fafd734b81dd2267ae3f StaticDependenciesID=355d5d21a34edf08160a978d50157f7d 
Number of updated asset objects reloaded before import = 0Number of asset objects unloaded after import = 3

========================================================================
Received Import Request.
  Time since last request: 0.000032 seconds.
  path: Assets/Sprites/Tiny Swords (Free Pack)/Buildings/Black Buildings/Archery.png
  importAddress: Guid(433f12dcc6d57a94a803da500c9cad34) Importer(2089858483,b0f066a214c2f5e87bad3c948f4d605d)
Start importing Assets/Sprites/Tiny Swords (Free Pack)/Buildings/Black Buildings/Archery.png using Guid(433f12dcc6d57a94a803da500c9cad34) Importer(2089858483,b0f066a214c2f5e87bad3c948f4d605d) (ScriptedImporter) -> (Import Result ID: '87e743c1caa704ae011ebea58eba477b') in 0.0245659 seconds [static and dynamic dependencies]. Details - ImportResultOutputID=95ee9991be04a9fa4e3c8c39d106b964 DependenciesID=0613de2b3d8568875b0ea5ac1b19a40e StaticDependenciesID=d0c55e8ce6908ae86e7fc0ff5f036c70 
Number of updated asset objects reloaded before import = 0Number of asset objects unloaded after import = 3

========================================================================
Received Import Request.
  Time since last request: 0.000025 seconds.
  path: Assets/Sprites/Tiny Swords (Free Pack)/Terrain/Resources/Tools/Tool_03.png
  importAddress: Guid(bdaf0b27ad2215b449e6f3ce473a8c54) Importer(2089858483,b0f066a214c2f5e87bad3c948f4d605d)
Start importing Assets/Sprites/Tiny Swords (Free Pack)/Terrain/Resources/Tools/Tool_03.png using Guid(bdaf0b27ad2215b449e6f3ce473a8c54) Importer(2089858483,b0f066a214c2f5e87bad3c948f4d605d) (ScriptedImporter) -> (Import Result ID: 'ca08440f891a4791894f0cd731e113a5') in 0.0243632 seconds [static and dynamic dependencies]. Details - ImportResultOutputID=c294480d13237b55af943666c38ebfd8 DependenciesID=a077985fc6115e8c2ba5ec846cde6ae3 StaticDependenciesID=7b7e6c6fc7e4dd6f004b8612c19cb8a7 
Number of updated asset objects reloaded before import = 0Number of asset objects unloaded after import = 3

========================================================================
Received Import Request.
  Time since last request: 0.000027 seconds.
  path: Assets/Sprites/Tiny Swords (Free Pack)/Terrain/Resources/Wood/Trees/Stump 3.png
  importAddress: Guid(6f99d4e9154ba494688f683961b71c78) Importer(2089858483,b0f066a214c2f5e87bad3c948f4d605d)
Start importing Assets/Sprites/Tiny Swords (Free Pack)/Terrain/Resources/Wood/Trees/Stump 3.png using Guid(6f99d4e9154ba494688f683961b71c78) Importer(2089858483,b0f066a214c2f5e87bad3c948f4d605d) (ScriptedImporter) -> (Import Result ID: '5046062c6a0b60714be3e02d5007dbdd') in 0.0226294 seconds [static and dynamic dependencies]. Details - ImportResultOutputID=8f80e16205dfdf7203ed97fa6dc3d162 DependenciesID=3bb558cb2c60fc0d3b39a468532f0dec StaticDependenciesID=c3ccbed8f3e20f8e2b39107b33295bba 
Number of updated asset objects reloaded before import = 0Number of asset objects unloaded after import = 3

========================================================================
Received Import Request.
  Time since last request: 0.000025 seconds.
  path: Assets/Sprites/Tiny Swords (Free Pack)/Buildings/Red Buildings/House2.png
  importAddress: Guid(94a93c7e28d833843800152c75cebd2c) Importer(2089858483,b0f066a214c2f5e87bad3c948f4d605d)
Start importing Assets/Sprites/Tiny Swords (Free Pack)/Buildings/Red Buildings/House2.png using Guid(94a93c7e28d833843800152c75cebd2c) Importer(2089858483,b0f066a214c2f5e87bad3c948f4d605d) (ScriptedImporter) -> (Import Result ID: '97b46cae15343fa49eae082d76165e68') in 0.0262728 seconds [static and dynamic dependencies]. Details - ImportResultOutputID=e2cae0803d7707f050b3bf1f6f1804b7 DependenciesID=e093818104e78802f33472650003272b StaticDependenciesID=a854934dfedabbcf2ca2127aa8c8a683 
Number of updated asset objects reloaded before import = 0Number of asset objects unloaded after import = 3

========================================================================
Received Import Request.
  Time since last request: 0.000027 seconds.
  path: Assets/Sprites/Tiny Swords (Free Pack)/Units/Blue Units/Lancer/Lancer_Idle.png
  importAddress: Guid(fa9486cf47a8c92458d83ab5b216d015) Importer(2089858483,b0f066a214c2f5e87bad3c948f4d605d)
Start importing Assets/Sprites/Tiny Swords (Free Pack)/Units/Blue Units/Lancer/Lancer_Idle.png using Guid(fa9486cf47a8c92458d83ab5b216d015) Importer(2089858483,b0f066a214c2f5e87bad3c948f4d605d) (ScriptedImporter) -> (Import Result ID: '62977cd5a3e3fea1bc2c1b334d839065') in 0.0520577 seconds [static and dynamic dependencies]. Details - ImportResultOutputID=ba00e7922b232b3af6cc6f320a08c12a DependenciesID=1798d347169585e5e3015a9da3069b3f StaticDependenciesID=3b22b1ef4296a087a7a8cb3d0d7616cc 
Number of updated asset objects reloaded before import = 0Number of asset objects unloaded after import = 16

========================================================================
Received Import Request.
  Time since last request: 0.000041 seconds.
  path: Assets/Sprites/Tiny Swords (Free Pack)/Units/Red Units/Pawn/Pawn_Idle Pickaxe.png
  importAddress: Guid(5efd70a41c1d0584c9e03a689f8b44b6) Importer(2089858483,b0f066a214c2f5e87bad3c948f4d605d)
Start importing Assets/Sprites/Tiny Swords (Free Pack)/Units/Red Units/Pawn/Pawn_Idle Pickaxe.png using Guid(5efd70a41c1d0584c9e03a689f8b44b6) Importer(2089858483,b0f066a214c2f5e87bad3c948f4d605d) (ScriptedImporter) -> (Import Result ID: '082540361ab703e7d96295e19d5cc440') in 0.0414763 seconds [static and dynamic dependencies]. Details - ImportResultOutputID=8bc8569624a0ffe1df42c05bb21af60a DependenciesID=cc0a3fe9aa4652ae7fb8f5541572456a StaticDependenciesID=7658a1df2cbba69b8f474a001d614fc9 
Number of updated asset objects reloaded before import = 0Number of asset objects unloaded after import = 10

========================================================================
Received Import Request.
  Time since last request: 0.000064 seconds.
  path: Assets/Sprites/Tiny Swords (Free Pack)/Terrain/Resources/Wood/Trees/Trees.aseprite
  importAddress: Guid(9a944fbfff52bf74cbd5ba4795ddb0ec) Importer(2089858483,b0f066a214c2f5e87bad3c948f4d605d)
Start importing Assets/Sprites/Tiny Swords (Free Pack)/Terrain/Resources/Wood/Trees/Trees.aseprite using Guid(9a944fbfff52bf74cbd5ba4795ddb0ec) Importer(2089858483,b0f066a214c2f5e87bad3c948f4d605d) (ScriptedImporter) -> (Import Result ID: '2e3470529462d22aafc867acb75edbcf') in 0.1155247 seconds [static and dynamic dependencies]. Details - ImportResultOutputID=ca1b191d887723e10e69894b3ff00677 DependenciesID=cfadecd33133830b4fc4f5bf75058d26 StaticDependenciesID=d3d06a65d499e6c0561251a43bd7fc17 
Number of updated asset objects reloaded before import = 0Number of asset objects unloaded after import = 61

========================================================================
Received Import Request.
  Time since last request: 0.000031 seconds.
  path: Assets/Sprites/Tiny Swords (Free Pack)/Terrain/Resources/Gold/Gold Stones/Gold Stone 6.png
  importAddress: Guid(88accf265f953544cba08cf32d6fef29) Importer(2089858483,b0f066a214c2f5e87bad3c948f4d605d)
Start importing Assets/Sprites/Tiny Swords (Free Pack)/Terrain/Resources/Gold/Gold Stones/Gold Stone 6.png using Guid(88accf265f953544cba08cf32d6fef29) Importer(2089858483,b0f066a214c2f5e87bad3c948f4d605d) (ScriptedImporter) -> (Import Result ID: '2895b372f9fb040fe27dd8faef3772dd') in 0.0229546 seconds [static and dynamic dependencies]. Details - ImportResultOutputID=6e175d484e72aa7eb8e2463a56e363f5 DependenciesID=98dbec0f5d84d031daa4c3d203b2383a StaticDependenciesID=f6301b90949a99a71264e84b628a3dee 
Number of updated asset objects reloaded before import = 0Number of asset objects unloaded after import = 3

========================================================================
Received Import Request.
  Time since last request: 0.000024 seconds.
  path: Assets/Sprites/Tiny Swords (Free Pack)/Units/Blue Units/Warrior/Warrior_Idle.png
  importAddress: Guid(34bac5257660851448f8ea14d765906b) Importer(2089858483,b0f066a214c2f5e87bad3c948f4d605d)
Start importing Assets/Sprites/Tiny Swords (Free Pack)/Units/Blue Units/Warrior/Warrior_Idle.png using Guid(34bac5257660851448f8ea14d765906b) Importer(2089858483,b0f066a214c2f5e87bad3c948f4d605d) (ScriptedImporter) -> (Import Result ID: '4bad9a7d53dec2abfdee7a68de89e02f') in 0.0371755 seconds [static and dynamic dependencies]. Details - ImportResultOutputID=961b046bfef90c9718eee93cd07652a1 DependenciesID=4b0d3935cf31458c3912712246918ccd StaticDependenciesID=2f55d86fce5ddf1201202f29764120e0 
Number of updated asset objects reloaded before import = 0Number of asset objects unloaded after import = 10

========================================================================
Received Prepare
Begin MonoManager ReloadAssembly
Assembly Assembly-CSharp-Editor-firstpass.dll at Library/ScriptAssemblies/Assembly-CSharp-Editor-firstpass.dll not valid. Loading of assembly skipped.
Assembly Assembly-CSharp-Editor.dll at Library/ScriptAssemblies/Assembly-CSharp-Editor.dll not valid. Loading of assembly skipped.
Assembly Assembly-CSharp-firstpass.dll at Library/ScriptAssemblies/Assembly-CSharp-firstpass.dll not valid. Loading of assembly skipped.
Assembly DocCodeExamples.dll at Library/ScriptAssemblies/DocCodeExamples.dll not valid. Loading of assembly skipped.
Assembly TestNewCustomAssembly.dll at Library/ScriptAssemblies/TestNewCustomAssembly.dll not valid. Loading of assembly skipped.
Assembly Unity.2D.Animation.EditorTests.dll at Library/ScriptAssemblies/Unity.2D.Animation.EditorTests.dll not valid. Loading of assembly skipped.
Assembly Unity.2D.Aseprite.EditorTests.dll at Library/ScriptAssemblies/Unity.2D.Aseprite.EditorTests.dll not valid. Loading of assembly skipped.
Assembly Unity.2D.Common.EditorTests.dll at Library/ScriptAssemblies/Unity.2D.Common.EditorTests.dll not valid. Loading of assembly skipped.
Assembly Unity.2D.Psdimporter.EditorTests.dll at Library/ScriptAssemblies/Unity.2D.Psdimporter.EditorTests.dll not valid. Loading of assembly skipped.
Assembly Unity.2D.Sprite.Package.EditorTests.dll at Library/ScriptAssemblies/Unity.2D.Sprite.Package.EditorTests.dll not valid. Loading of assembly skipped.
Assembly Unity.2D.SpriteShape.EditorTests.dll at Library/ScriptAssemblies/Unity.2D.SpriteShape.EditorTests.dll not valid. Loading of assembly skipped.
Assembly Unity.2D.Tilemap.Package.EditorTests.dll at Library/ScriptAssemblies/Unity.2D.Tilemap.Package.EditorTests.dll not valid. Loading of assembly skipped.
Assembly Unity.Collections.BurstCompatibilityGen.dll at Library/ScriptAssemblies/Unity.Collections.BurstCompatibilityGen.dll not valid. Loading of assembly skipped.
Assembly Unity.Collections.DocCodeSamples.dll at Library/ScriptAssemblies/Unity.Collections.DocCodeSamples.dll not valid. Loading of assembly skipped.
Assembly Unity.Collections.PerformanceTests.dll at Library/ScriptAssemblies/Unity.Collections.PerformanceTests.dll not valid. Loading of assembly skipped.
Assembly Unity.Collections.Tests.dll at Library/ScriptAssemblies/Unity.Collections.Tests.dll not valid. Loading of assembly skipped.
Assembly Unity.Collections.Tests.Playmode.dll at Library/ScriptAssemblies/Unity.Collections.Tests.Playmode.dll not valid. Loading of assembly skipped.
Assembly Unity.InputSystem.IntegrationTests.dll at Library/ScriptAssemblies/Unity.InputSystem.IntegrationTests.dll not valid. Loading of assembly skipped.
Assembly Unity.Mathematics.Tests.dll at Library/ScriptAssemblies/Unity.Mathematics.Tests.dll not valid. Loading of assembly skipped.
Assembly Unity.Multiplayer.Center.Editor.Tests.dll at Library/ScriptAssemblies/Unity.Multiplayer.Center.Editor.Tests.dll not valid. Loading of assembly skipped.
Assembly Unity.Multiplayer.Center.Tests.dll at Library/ScriptAssemblies/Unity.Multiplayer.Center.Tests.dll not valid. Loading of assembly skipped.
Assembly Unity.Nuget.Mono-Cecil.dll at Library/ScriptAssemblies/Unity.Nuget.Mono-Cecil.dll not valid. Loading of assembly skipped.
Assembly Unity.PathTracing.Editor.Tests.dll at Library/ScriptAssemblies/Unity.PathTracing.Editor.Tests.dll not valid. Loading of assembly skipped.
Assembly Unity.PathTracing.Runtime.Tests.dll at Library/ScriptAssemblies/Unity.PathTracing.Runtime.Tests.dll not valid. Loading of assembly skipped.
Assembly Unity.RenderPipelines.Core.Editor.Tests.dll at Library/ScriptAssemblies/Unity.RenderPipelines.Core.Editor.Tests.dll not valid. Loading of assembly skipped.
Assembly Unity.RenderPipelines.Core.Runtime.Tests.dll at Library/ScriptAssemblies/Unity.RenderPipelines.Core.Runtime.Tests.dll not valid. Loading of assembly skipped.
Assembly Unity.RenderPipelines.Universal.Config.Editor.Tests.dll at Library/ScriptAssemblies/Unity.RenderPipelines.Universal.Config.Editor.Tests.dll not valid. Loading of assembly skipped.
Assembly Unity.RenderPipelines.Universal.Editor.Tests.dll at Library/ScriptAssemblies/Unity.RenderPipelines.Universal.Editor.Tests.dll not valid. Loading of assembly skipped.
Assembly Unity.RenderPipelines.Universal.Runtime.Tests.dll at Library/ScriptAssemblies/Unity.RenderPipelines.Universal.Runtime.Tests.dll not valid. Loading of assembly skipped.
Assembly Unity.Searcher.EditorTests.dll at Library/ScriptAssemblies/Unity.Searcher.EditorTests.dll not valid. Loading of assembly skipped.
Assembly Unity.ShaderGraph.Editor.Tests.dll at Library/ScriptAssemblies/Unity.ShaderGraph.Editor.Tests.dll not valid. Loading of assembly skipped.
Assembly Unity.TextMeshPro.Editor.Tests.dll at Library/ScriptAssemblies/Unity.TextMeshPro.Editor.Tests.dll not valid. Loading of assembly skipped.
Assembly Unity.TextMeshPro.Tests.dll at Library/ScriptAssemblies/Unity.TextMeshPro.Tests.dll not valid. Loading of assembly skipped.
Assembly Unity.UnifiedRayTracing.Editor.Tests.dll at Library/ScriptAssemblies/Unity.UnifiedRayTracing.Editor.Tests.dll not valid. Loading of assembly skipped.
Assembly UnityEditor.UI.Common.Tests.dll at Library/ScriptAssemblies/UnityEditor.UI.Common.Tests.dll not valid. Loading of assembly skipped.
Assembly UnityEditor.UI.EditorTests.dll at Library/ScriptAssemblies/UnityEditor.UI.EditorTests.dll not valid. Loading of assembly skipped.
Assembly UnityEngine.UI.Tests.dll at Library/ScriptAssemblies/UnityEngine.UI.Tests.dll not valid. Loading of assembly skipped.
Refreshing native plugins compatible for Editor in 2.36 ms, found 5 plugins.
Native extension for WindowsStandalone target not found
Native extension for WebGL target not found
[Package Manager] Failed to launch server process. Reason: Unity was launched with the -noUpm command-line argument
[Package Manager] Unable to send message (not connected to server process).
[Package Manager] Cannot connect to Unity Package Manager local server
[Package Manager] Failed to launch server process. Reason: Unity was launched with the -noUpm command-line argument
[Package Manager] Unable to send message (not connected to server process).
[Package Manager] Cannot connect to Unity Package Manager local server
ScheduleIndexationOnStartup MainProcess:False IndexOnStartup:True
Mono: successfully reloaded assembly
- Finished resetting the current domain, in  1.538 seconds
Domain Reload Profiling: 2778ms
	BeginReloadAssembly (321ms)
		DisableScriptedObjects (18ms)
		CreateAndSetChildDomain (78ms)
	RebuildCommonClasses (53ms)
	RebuildNativeTypeToScriptingClass (19ms)
	initialDomainReloadingComplete (90ms)
	LoadAllAssembliesAndSetupDomain (756ms)
		LoadAssemblies (564ms)
		AnalyzeDomain (346ms)
			TypeCache.Refresh (11ms)
			BuildScriptInfoCaches (313ms)
			ResolveRequiredComponents (20ms)
	FinalizeReload (1539ms)
		SetupLoadedEditorAssemblies (0ms)
			InitializePlatformSupportModulesInManaged (5ms)
			BeforeProcessingInitializeOnLoad (272ms)
			ProcessInitializeOnLoadAttributes (798ms)
			ProcessInitializeOnLoadMethodAttributes (175ms)
			AfterProcessingInitializeOnLoad (6ms)
		AwakeInstancesAfterBackupRestoration (11ms)
WARNING: Shader Unsupported: 'Hidden/Universal Render Pipeline/Terrain/Lit (Base Pass)' - All subshaders removed
WARNING: Shader Did you use #pragma only_renderers and omit this platform?
WARNING: Shader If subshaders removal was intentional, you may have forgotten turning Fallback off?
WARNING: Shader Unsupported: 'Universal Render Pipeline/Terrain/Lit' - All subshaders removed
WARNING: Shader Did you use #pragma only_renderers and omit this platform?
WARNING: Shader If subshaders removal was intentional, you may have forgotten turning Fallback off?
Refreshing native plugins compatible for Editor in 5.24 ms, found 5 plugins.
Unloading 57 Unused Serialized files (Serialized files now loaded: 0)
Unloading 7299 unused Assets / (9.2 MB). Loaded Objects now: 7943.
Memory consumption went from 157.2 MB to 148.0 MB.
Total: 21.121200 ms (FindLiveObjects: 1.615000 ms CreateObjectMapping: 2.141600 ms MarkObjects: 9.968900 ms  DeleteObjects: 7.394000 ms)

Prepare: number of updated asset objects reloaded= 0
Editor requested this worker to shutdown with reason: Scaling down because of idle timeout
AssetImportWorker is now disconnected from the server
Process exiting
Exiting without the bug reporter. Application will terminate with return code 0